<?xml version="1.0" encoding="UTF-8"?>
<!-- Generated by org.testng.reporters.JUnitXMLReporter -->
<testsuite hostname="Murshi-PC" ignored="0" name="LoginPageTestMethods" tests="3" failures="0" timestamp="16 Jan 2019 16:39:35 GMT" time="30.934" errors="0">
  <testcase name="loginPageTitleTest" time="0.016" classname="com.hcl.orangeHRM.qa.testcases.LoginOrangeHRMTest"/>
  <testcase name="loginPageLogoTest" time="0.234" classname="com.hcl.orangeHRM.qa.testcases.LoginOrangeHRMTest"/>
  <testcase name="verifyLoginfunction" time="13.633" classname="com.hcl.orangeHRM.qa.testcases.LoginOrangeHRMTest"/>
</testsuite> <!-- LoginPageTestMethods -->
