<?xml version="1.0" encoding="UTF-8"?>
<testng-results skipped="0" failed="1" ignored="0" total="4" passed="3">
  <reporter-output>
  </reporter-output>
  <suite name="OrangeHRMApplication Test Automation Test Suite" duration-ms="86933" started-at="2019-01-16T16:39:04Z" finished-at="2019-01-16T16:40:31Z">
    <groups>
    </groups>
    <test name="LoginPageTestMethods" duration-ms="30934" started-at="2019-01-16T16:39:04Z" finished-at="2019-01-16T16:39:35Z">
      <class name="com.hcl.orangeHRM.qa.testcases.LoginOrangeHRMTest">
        <test-method status="PASS" signature="initialization()[pri:0, instance:com.hcl.orangeHRM.qa.testcases.LoginOrangeHRMTest@51b279c9]" name="initialization" is-config="true" duration-ms="13280" started-at="2019-01-16T16:39:04Z" finished-at="2019-01-16T16:39:17Z">
          <reporter-output>
          </reporter-output>
        </test-method> <!-- initialization -->
        <test-method status="PASS" signature="setup()[pri:0, instance:com.hcl.orangeHRM.qa.testcases.LoginOrangeHRMTest@51b279c9]" name="setup" is-config="true" duration-ms="80" started-at="2019-01-16T16:39:17Z" finished-at="2019-01-16T16:39:17Z">
          <reporter-output>
          </reporter-output>
        </test-method> <!-- setup -->
        <test-method status="PASS" signature="loginPageTitleTest()[pri:1, instance:com.hcl.orangeHRM.qa.testcases.LoginOrangeHRMTest@51b279c9]" name="loginPageTitleTest" duration-ms="16" started-at="2019-01-16T16:39:17Z" finished-at="2019-01-16T16:39:17Z">
          <reporter-output>
          </reporter-output>
        </test-method> <!-- loginPageTitleTest -->
        <test-method status="PASS" signature="endsetup()[pri:0, instance:com.hcl.orangeHRM.qa.testcases.LoginOrangeHRMTest@51b279c9]" name="endsetup" is-config="true" duration-ms="0" started-at="2019-01-16T16:39:17Z" finished-at="2019-01-16T16:39:17Z">
          <reporter-output>
          </reporter-output>
        </test-method> <!-- endsetup -->
        <test-method status="PASS" signature="loginPageLogoTest()[pri:2, instance:com.hcl.orangeHRM.qa.testcases.LoginOrangeHRMTest@51b279c9]" name="loginPageLogoTest" duration-ms="234" started-at="2019-01-16T16:39:17Z" finished-at="2019-01-16T16:39:17Z">
          <reporter-output>
          </reporter-output>
        </test-method> <!-- loginPageLogoTest -->
        <test-method status="PASS" signature="setup()[pri:0, instance:com.hcl.orangeHRM.qa.testcases.LoginOrangeHRMTest@51b279c9]" name="setup" is-config="true" duration-ms="0" started-at="2019-01-16T16:39:17Z" finished-at="2019-01-16T16:39:17Z">
          <reporter-output>
          </reporter-output>
        </test-method> <!-- setup -->
        <test-method status="PASS" signature="endsetup()[pri:0, instance:com.hcl.orangeHRM.qa.testcases.LoginOrangeHRMTest@51b279c9]" name="endsetup" is-config="true" duration-ms="0" started-at="2019-01-16T16:39:17Z" finished-at="2019-01-16T16:39:17Z">
          <reporter-output>
          </reporter-output>
        </test-method> <!-- endsetup -->
        <test-method status="PASS" signature="verifyLoginfunction()[pri:3, instance:com.hcl.orangeHRM.qa.testcases.LoginOrangeHRMTest@51b279c9]" name="verifyLoginfunction" duration-ms="13633" started-at="2019-01-16T16:39:17Z" finished-at="2019-01-16T16:39:31Z">
          <reporter-output>
          </reporter-output>
        </test-method> <!-- verifyLoginfunction -->
        <test-method status="PASS" signature="setup()[pri:0, instance:com.hcl.orangeHRM.qa.testcases.LoginOrangeHRMTest@51b279c9]" name="setup" is-config="true" duration-ms="0" started-at="2019-01-16T16:39:17Z" finished-at="2019-01-16T16:39:17Z">
          <reporter-output>
          </reporter-output>
        </test-method> <!-- setup -->
        <test-method status="PASS" signature="endsetup()[pri:0, instance:com.hcl.orangeHRM.qa.testcases.LoginOrangeHRMTest@51b279c9]" name="endsetup" is-config="true" duration-ms="5" started-at="2019-01-16T16:39:31Z" finished-at="2019-01-16T16:39:31Z">
          <reporter-output>
          </reporter-output>
        </test-method> <!-- endsetup -->
        <test-method status="PASS" signature="teardown()[pri:0, instance:com.hcl.orangeHRM.qa.testcases.LoginOrangeHRMTest@51b279c9]" name="teardown" is-config="true" duration-ms="3652" started-at="2019-01-16T16:39:31Z" finished-at="2019-01-16T16:39:35Z">
          <reporter-output>
          </reporter-output>
        </test-method> <!-- teardown -->
      </class> <!-- com.hcl.orangeHRM.qa.testcases.LoginOrangeHRMTest -->
    </test> <!-- LoginPageTestMethods -->
    <test name="HomePageTestMethods" duration-ms="55858" started-at="2019-01-16T16:39:35Z" finished-at="2019-01-16T16:40:31Z">
      <class name="com.hcl.orangeHRM.qa.testcases.HomeOrangeCRMTest">
        <test-method status="PASS" signature="initialization()[pri:0, instance:com.hcl.orangeHRM.qa.testcases.HomeOrangeCRMTest@2bbaf4f0]" name="initialization" is-config="true" duration-ms="8678" started-at="2019-01-16T16:39:35Z" finished-at="2019-01-16T16:39:44Z">
          <reporter-output>
          </reporter-output>
        </test-method> <!-- initialization -->
        <test-method status="PASS" signature="setup()[pri:0, instance:com.hcl.orangeHRM.qa.testcases.HomeOrangeCRMTest@2bbaf4f0]" name="setup" is-config="true" duration-ms="6408" started-at="2019-01-16T16:39:47Z" finished-at="2019-01-16T16:39:53Z">
          <reporter-output>
          </reporter-output>
        </test-method> <!-- setup -->
        <test-method status="FAIL" signature="verifyAddUsers(java.lang.String, java.lang.String, java.lang.String, java.lang.String, java.lang.String, java.lang.String, java.lang.String, java.lang.String, java.lang.String, java.lang.String)[pri:1, instance:com.hcl.orangeHRM.qa.testcases.HomeOrangeCRMTest@2bbaf4f0]" name="verifyAddUsers" duration-ms="35058" started-at="2019-01-16T16:39:53Z" data-provider="getAddUserData" finished-at="2019-01-16T16:40:29Z">
          <params>
            <param index="0">
              <value>
                <![CDATA[Andrew Keller]]>
              </value>
            </param>
            <param index="1">
              <value>
                <![CDATA[Akeller]]>
              </value>
            </param>
            <param index="2">
              <value>
                <![CDATA[Default ESS]]>
              </value>
            </param>
            <param index="3">
              <value>
                <![CDATA[Default Supervisor]]>
              </value>
            </param>
            <param index="4">
              <value>
                <![CDATA[Asset Manager]]>
              </value>
            </param>
            <param index="5">
              <value>
                <![CDATA[Enabled]]>
              </value>
            </param>
            <param index="6">
              <value>
                <![CDATA[Pas4orange]]>
              </value>
            </param>
            <param index="7">
              <value>
                <![CDATA[Pas4orange]]>
              </value>
            </param>
            <param index="8">
              <value>
                <![CDATA[Canada]]>
              </value>
            </param>
            <param index="9">
              <value>
                <![CDATA[Canadian Regional HQ]]>
              </value>
            </param>
          </params>
          <exception class="org.openqa.selenium.NoSuchElementException">
            <message>
              <![CDATA[no such element: Unable to locate element: {"method":"xpath","selector":"//div[@class='select-wrapper initialized']/input[@value='Default ESS']/following-sibling::ul[@class='dropdown-content select-dropdown']/li/span[contains(text(),'-- Select --')]"}
  (Session info: chrome=71.0.3578.98)
  (Driver info: chromedriver=2.42.591088 (7b2b2dca23cca0862f674758c9a3933e685c27d5),platform=Windows NT 6.1.7601 SP1 x86_64) (WARNING: The server did not provide any stacktrace information)
Command duration or timeout: 0 milliseconds
For documentation on this error, please visit: http://seleniumhq.org/exceptions/no_such_element.html
Build info: version: '3.14.0', revision: 'aacccce0', time: '2018-08-02T20:19:58.91Z'
System info: host: 'MURSHI-PC', ip: '192.168.1.7', os.name: 'Windows 7', os.arch: 'amd64', os.version: '6.1', java.version: '1.8.0_181'
Driver info: org.openqa.selenium.chrome.ChromeDriver
Capabilities {acceptInsecureCerts: false, acceptSslCerts: false, applicationCacheEnabled: false, browserConnectionEnabled: false, browserName: chrome, chrome: {chromedriverVersion: 2.42.591088 (7b2b2dca23cca0..., userDataDir: C:\Users\Murshi\AppData\Loc...}, cssSelectorsEnabled: true, databaseEnabled: false, goog:chromeOptions: {debuggerAddress: localhost:54714}, handlesAlerts: true, hasTouchScreen: false, javascriptEnabled: true, locationContextEnabled: true, mobileEmulationEnabled: false, nativeEvents: true, networkConnectionEnabled: false, pageLoadStrategy: normal, platform: XP, platformName: XP, rotatable: false, setWindowRect: true, takesHeapSnapshot: true, takesScreenshot: true, unexpectedAlertBehaviour: , unhandledPromptBehavior: , version: 71.0.3578.98, webStorageEnabled: true}
Session ID: 07bc8c1de315f43868ef2c169d674c34
*** Element info: {Using=xpath, value=//div[@class='select-wrapper initialized']/input[@value='Default ESS']/following-sibling::ul[@class='dropdown-content select-dropdown']/li/span[contains(text(),'-- Select --')]}]]>
            </message>
            <full-stacktrace>
              <![CDATA[org.openqa.selenium.NoSuchElementException: no such element: Unable to locate element: {"method":"xpath","selector":"//div[@class='select-wrapper initialized']/input[@value='Default ESS']/following-sibling::ul[@class='dropdown-content select-dropdown']/li/span[contains(text(),'-- Select --')]"}
  (Session info: chrome=71.0.3578.98)
  (Driver info: chromedriver=2.42.591088 (7b2b2dca23cca0862f674758c9a3933e685c27d5),platform=Windows NT 6.1.7601 SP1 x86_64) (WARNING: The server did not provide any stacktrace information)
Command duration or timeout: 0 milliseconds
For documentation on this error, please visit: http://seleniumhq.org/exceptions/no_such_element.html
Build info: version: '3.14.0', revision: 'aacccce0', time: '2018-08-02T20:19:58.91Z'
System info: host: 'MURSHI-PC', ip: '192.168.1.7', os.name: 'Windows 7', os.arch: 'amd64', os.version: '6.1', java.version: '1.8.0_181'
Driver info: org.openqa.selenium.chrome.ChromeDriver
Capabilities {acceptInsecureCerts: false, acceptSslCerts: false, applicationCacheEnabled: false, browserConnectionEnabled: false, browserName: chrome, chrome: {chromedriverVersion: 2.42.591088 (7b2b2dca23cca0..., userDataDir: C:\Users\Murshi\AppData\Loc...}, cssSelectorsEnabled: true, databaseEnabled: false, goog:chromeOptions: {debuggerAddress: localhost:54714}, handlesAlerts: true, hasTouchScreen: false, javascriptEnabled: true, locationContextEnabled: true, mobileEmulationEnabled: false, nativeEvents: true, networkConnectionEnabled: false, pageLoadStrategy: normal, platform: XP, platformName: XP, rotatable: false, setWindowRect: true, takesHeapSnapshot: true, takesScreenshot: true, unexpectedAlertBehaviour: , unhandledPromptBehavior: , version: 71.0.3578.98, webStorageEnabled: true}
Session ID: 07bc8c1de315f43868ef2c169d674c34
*** Element info: {Using=xpath, value=//div[@class='select-wrapper initialized']/input[@value='Default ESS']/following-sibling::ul[@class='dropdown-content select-dropdown']/li/span[contains(text(),'-- Select --')]}
at sun.reflect.NativeConstructorAccessorImpl.newInstance0(Native Method)
at sun.reflect.NativeConstructorAccessorImpl.newInstance(NativeConstructorAccessorImpl.java:62)
at sun.reflect.DelegatingConstructorAccessorImpl.newInstance(DelegatingConstructorAccessorImpl.java:45)
at java.lang.reflect.Constructor.newInstance(Constructor.java:423)
at org.openqa.selenium.remote.ErrorHandler.createThrowable(ErrorHandler.java:214)
at org.openqa.selenium.remote.ErrorHandler.throwIfResponseFailed(ErrorHandler.java:166)
at org.openqa.selenium.remote.http.JsonHttpResponseCodec.reconstructValue(JsonHttpResponseCodec.java:40)
at org.openqa.selenium.remote.http.AbstractHttpResponseCodec.decode(AbstractHttpResponseCodec.java:80)
at org.openqa.selenium.remote.http.AbstractHttpResponseCodec.decode(AbstractHttpResponseCodec.java:44)
at org.openqa.selenium.remote.HttpCommandExecutor.execute(HttpCommandExecutor.java:158)
at org.openqa.selenium.remote.service.DriverCommandExecutor.execute(DriverCommandExecutor.java:83)
at org.openqa.selenium.remote.RemoteWebDriver.execute(RemoteWebDriver.java:548)
at org.openqa.selenium.remote.RemoteWebDriver.findElement(RemoteWebDriver.java:322)
at org.openqa.selenium.remote.RemoteWebDriver.findElementByXPath(RemoteWebDriver.java:424)
at org.openqa.selenium.By$ByXPath.findElement(By.java:353)
at org.openqa.selenium.remote.RemoteWebDriver.findElement(RemoteWebDriver.java:314)
at sun.reflect.NativeMethodAccessorImpl.invoke0(Native Method)
at sun.reflect.NativeMethodAccessorImpl.invoke(NativeMethodAccessorImpl.java:62)
at sun.reflect.DelegatingMethodAccessorImpl.invoke(DelegatingMethodAccessorImpl.java:43)
at java.lang.reflect.Method.invoke(Method.java:498)
at org.openqa.selenium.support.events.EventFiringWebDriver.lambda$new$1(EventFiringWebDriver.java:105)
at com.sun.proxy.$Proxy11.findElement(Unknown Source)
at org.openqa.selenium.support.events.EventFiringWebDriver.findElement(EventFiringWebDriver.java:194)
at org.openqa.selenium.support.pagefactory.DefaultElementLocator.findElement(DefaultElementLocator.java:69)
at org.openqa.selenium.support.pagefactory.internal.LocatingElementHandler.invoke(LocatingElementHandler.java:38)
at com.sun.proxy.$Proxy15.click(Unknown Source)
at com.hcl.orangeHRM.qa.pages.Homepage.validateAddinguser(Homepage.java:103)
at com.hcl.orangeHRM.qa.testcases.HomeOrangeCRMTest.verifyAddUsers(HomeOrangeCRMTest.java:53)
at sun.reflect.NativeMethodAccessorImpl.invoke0(Native Method)
at sun.reflect.NativeMethodAccessorImpl.invoke(NativeMethodAccessorImpl.java:62)
at sun.reflect.DelegatingMethodAccessorImpl.invoke(DelegatingMethodAccessorImpl.java:43)
at java.lang.reflect.Method.invoke(Method.java:498)
at org.testng.internal.MethodInvocationHelper.invokeMethod(MethodInvocationHelper.java:124)
at org.testng.internal.Invoker.invokeMethod(Invoker.java:580)
at org.testng.internal.Invoker.invokeTestMethod(Invoker.java:716)
at org.testng.internal.Invoker.invokeTestMethods(Invoker.java:988)
at org.testng.internal.TestMethodWorker.invokeTestMethods(TestMethodWorker.java:125)
at org.testng.internal.TestMethodWorker.run(TestMethodWorker.java:109)
at org.testng.TestRunner.privateRun(TestRunner.java:648)
at org.testng.TestRunner.run(TestRunner.java:505)
at org.testng.SuiteRunner.runTest(SuiteRunner.java:455)
at org.testng.SuiteRunner.runSequentially(SuiteRunner.java:450)
at org.testng.SuiteRunner.privateRun(SuiteRunner.java:415)
at org.testng.SuiteRunner.run(SuiteRunner.java:364)
at org.testng.SuiteRunnerWorker.runSuite(SuiteRunnerWorker.java:52)
at org.testng.SuiteRunnerWorker.run(SuiteRunnerWorker.java:84)
at org.testng.TestNG.runSuitesSequentially(TestNG.java:1208)
at org.testng.TestNG.runSuitesLocally(TestNG.java:1137)
at org.testng.TestNG.runSuites(TestNG.java:1049)
at org.testng.TestNG.run(TestNG.java:1017)
at org.testng.remote.AbstractRemoteTestNG.run(AbstractRemoteTestNG.java:114)
at org.testng.remote.RemoteTestNG.initAndRun(RemoteTestNG.java:251)
at org.testng.remote.RemoteTestNG.main(RemoteTestNG.java:77)
]]>
            </full-stacktrace>
          </exception> <!-- org.openqa.selenium.NoSuchElementException -->
          <reporter-output>
          </reporter-output>
        </test-method> <!-- verifyAddUsers -->
        <test-method status="PASS" signature="teardown()[pri:0, instance:com.hcl.orangeHRM.qa.testcases.HomeOrangeCRMTest@2bbaf4f0]" name="teardown" is-config="true" duration-ms="2185" started-at="2019-01-16T16:40:29Z" finished-at="2019-01-16T16:40:31Z">
          <reporter-output>
          </reporter-output>
        </test-method> <!-- teardown -->
        <test-method status="PASS" signature="endsetup()[pri:0, instance:com.hcl.orangeHRM.qa.testcases.HomeOrangeCRMTest@2bbaf4f0]" name="endsetup" is-config="true" duration-ms="0" started-at="2019-01-16T16:40:29Z" finished-at="2019-01-16T16:40:29Z">
          <reporter-output>
          </reporter-output>
        </test-method> <!-- endsetup -->
      </class> <!-- com.hcl.orangeHRM.qa.testcases.HomeOrangeCRMTest -->
    </test> <!-- HomePageTestMethods -->
  </suite> <!-- OrangeHRMApplication Test Automation Test Suite -->
</testng-results>
